[debug] [2021-10-19T15:18:01.398Z] ----------------------------------------------------------------------
[debug] [2021-10-19T15:18:01.403Z] Command:       C:\Program Files\nodejs\node.exe C:\Users\MrCr4ck3r\AppData\Roaming\npm\node_modules\firebase-tools\lib\bin\firebase.js deploy
[debug] [2021-10-19T15:18:01.404Z] CLI Version:   9.20.0
[debug] [2021-10-19T15:18:01.404Z] Platform:      win32
[debug] [2021-10-19T15:18:01.405Z] Node Version:  v14.17.1
[debug] [2021-10-19T15:18:01.406Z] Time:          Tue Oct 19 2021 21:18:01 GMT+0600 (Bangladesh Standard Time)
[debug] [2021-10-19T15:18:01.406Z] ----------------------------------------------------------------------
[debug] 
[debug] [2021-10-19T15:18:01.491Z] > command requires scopes: ["email","openid","https://www.googleapis.com/auth/cloudplatformprojects.readonly","https://www.googleapis.com/auth/firebase","https://www.googleapis.com/auth/cloud-platform"]
[debug] [2021-10-19T15:18:01.492Z] > authorizing via signed-in user (arifweb24@gmail.com)
[debug] [2021-10-19T15:18:01.492Z] [iam] checking project eyeplus-care for permissions ["firebase.projects.get","firebasehosting.sites.update"]
[debug] [2021-10-19T15:18:01.496Z] > refreshing access token with scopes: ["email","https://www.googleapis.com/auth/cloud-platform","https://www.googleapis.com/auth/cloudplatformprojects.readonly","https://www.googleapis.com/auth/firebase","openid"]
[debug] [2021-10-19T15:18:01.497Z] >>> HTTP REQUEST POST https://www.googleapis.com/oauth2/v3/token  
 <request body omitted>
[debug] [2021-10-19T15:18:22.602Z] [iam] error while checking permissions, command may fail: FirebaseError: Authentication Error: Your credentials are no longer valid. Please run firebase login --reauth

For CI servers and headless environments, generate a new token with firebase login:ci
[debug] [2021-10-19T15:18:22.608Z] >>> [apiv2][query] GET https://firebase.googleapis.com/v1beta1/projects/eyeplus-care [none]
[debug] [2021-10-19T15:18:24.218Z] <<< [apiv2][status] GET https://firebase.googleapis.com/v1beta1/projects/eyeplus-care 200
[debug] [2021-10-19T15:18:24.218Z] <<< [apiv2][body] GET https://firebase.googleapis.com/v1beta1/projects/eyeplus-care {"projectId":"eyeplus-care","projectNumber":"554750662848","displayName":"eyeplus-care","name":"projects/eyeplus-care","resources":{"hostingSite":"eyeplus-care"},"state":"ACTIVE"}
[info] 
[info] === Deploying to 'eyeplus-care'...
[info] 
[info] i  deploying hosting 
[debug] [2021-10-19T15:18:24.228Z] > refreshing access token with scopes: ["email","https://www.googleapis.com/auth/cloud-platform","https://www.googleapis.com/auth/cloudplatformprojects.readonly","https://www.googleapis.com/auth/firebase","openid"]
[debug] [2021-10-19T15:18:24.229Z] >>> HTTP REQUEST POST https://www.googleapis.com/oauth2/v3/token  
 <request body omitted>
[debug] [2021-10-19T15:18:25.085Z] <<< HTTP RESPONSE 200 {"date":"Tue, 19 Oct 2021 15:18:24 GMT","cache-control":"no-cache, no-store, max-age=0, must-revalidate","expires":"Mon, 01 Jan 1990 00:00:00 GMT","pragma":"no-cache","content-type":"application/json; charset=utf-8","vary":"X-Origin, Referer, Origin,Accept-Encoding","server":"scaffolding on HTTPServer2","x-xss-protection":"0","x-frame-options":"SAMEORIGIN","x-content-type-options":"nosniff","alt-svc":"h3=\":443\"; ma=2592000,h3-29=\":443\"; ma=2592000,h3-T051=\":443\"; ma=2592000,h3-Q050=\":443\"; ma=2592000,h3-Q046=\":443\"; ma=2592000,h3-Q043=\":443\"; ma=2592000,quic=\":443\"; ma=2592000; v=\"46,43\"","accept-ranges":"none","transfer-encoding":"chunked"}
[debug] [2021-10-19T15:18:25.099Z] >>> HTTP REQUEST POST https://firebasehosting.googleapis.com/v1beta1/sites/eyeplus-care/versions  
 {"config":{"rewrites":[{"glob":"**","path":"/index.html"}]},"labels":{"deployment-tool":"cli-firebase"}}
[debug] [2021-10-19T15:19:07.535Z] Error: connect ETIMEDOUT 142.250.195.106:443
    at TCPConnectWrap.afterConnect [as oncomplete] (net.js:1148:16)
[error] 
[error] Error: Server Error. connect ETIMEDOUT 142.250.195.106:443
